============================= test session starts ==============================
platform linux -- Python 3.13.12, pytest-9.0.2, pluggy-1.6.0 -- /home/myhql/code/PersonalKnowledgeAssistant/.venv/bin/python3
cachedir: .pytest_cache
rootdir: /home/myhql/code/PersonalKnowledgeAssistant
configfile: pytest.ini
plugins: anyio-4.13.0, respx-0.22.0, asyncio-1.3.0
asyncio: mode=Mode.STRICT, debug=False, asyncio_default_fixture_loop_scope=None, asyncio_default_test_loop_scope=function
collecting ... collected 14 items

tests/integration/test_auth_system.py::test_system_status_uninitialized PASSED [  7%]
tests/integration/test_auth_system.py::test_system_init_and_login PASSED [ 14%]
tests/integration/test_auth_system.py::test_system_config_protected PASSED [ 21%]
tests/integration/test_auth_system.py::test_init_weak_password_rejected PASSED [ 28%]
tests/integration/test_chat.py::test_chat_conversation_crud PASSED       [ 35%]
tests/integration/test_chat.py::test_chat_stream PASSED                  [ 42%]
tests/integration/test_knowledge.py::test_create_text_knowledge PASSED   [ 50%]
tests/integration/test_knowledge.py::test_list_and_search_knowledge PASSED [ 57%]
tests/integration/test_knowledge.py::test_update_and_delete_knowledge PASSED [ 64%]
tests/integration/test_knowledge.py::test_knowledge_tags PASSED          [ 71%]
tests/integration/test_knowledge.py::test_content_too_short_rejected PASSED [ 78%]
tests/integration/test_research.py::test_create_research_task PASSED     [ 85%]
tests/integration/test_research.py::test_research_respond_not_awaiting PASSED [ 92%]
tests/integration/test_research.py::test_research_save PASSED            [100%]

=============================== warnings summary ===============================
tests/integration/test_auth_system.py::test_init_weak_password_rejected
tests/integration/test_auth_system.py::test_init_weak_password_rejected
  /home/myhql/code/PersonalKnowledgeAssistant/.venv/lib/python3.13/site-packages/fastapi/routing.py:328: DeprecationWarning: 'HTTP_422_UNPROCESSABLE_ENTITY' is deprecated. Use 'HTTP_422_UNPROCESSABLE_CONTENT' instead.
    return await dependant.call(**values)

-- Docs: https://docs.pytest.org/en/stable/how-to/capture-warnings.html
======================== 14 passed, 2 warnings in 7.41s ========================
